<?xml version="1.0" encoding="UTF-8"?>
<testsuite xmlns:xsi="http://www.w3.org/2001/XMLSchema-instance" xsi:noNamespaceSchemaLocation="https://maven.apache.org/surefire/maven-surefire-plugin/xsd/surefire-test-report.xsd" name="itRunner.StartEngineTest" time="15.399" tests="7" errors="0" skipped="0" failures="0">
  <properties>
    <property name="gopherProxySet" value="false"/>
    <property name="awt.toolkit" value="sun.lwawt.macosx.LWCToolkit"/>
    <property name="java.specification.version" value="10"/>
    <property name="file.encoding.pkg" value="sun.io"/>
    <property name="sun.cpu.isalist" value=""/>
    <property name="sun.jnu.encoding" value="UTF-8"/>
    <property name="java.class.path" value="/Users/RM3596245/Downloads/restassured_testng-master/ComputerApplication/target/test-classes:/Users/RM3596245/Downloads/restassured_testng-master/ComputerApplication/target/classes:/Users/RM3596245/.m2/repository/org/seleniumhq/selenium/selenium-server/3.141.59/selenium-server-3.141.59.jar:/Users/RM3596245/.m2/repository/org/seleniumhq/selenium/selenium-java/3.141.59/selenium-java-3.141.59.jar:/Users/RM3596245/.m2/repository/org/seleniumhq/selenium/selenium-api/3.141.59/selenium-api-3.141.59.jar:/Users/RM3596245/.m2/repository/org/seleniumhq/selenium/selenium-chrome-driver/3.141.59/selenium-chrome-driver-3.141.59.jar:/Users/RM3596245/.m2/repository/org/seleniumhq/selenium/selenium-edge-driver/3.141.59/selenium-edge-driver-3.141.59.jar:/Users/RM3596245/.m2/repository/org/seleniumhq/selenium/selenium-firefox-driver/3.141.59/selenium-firefox-driver-3.141.59.jar:/Users/RM3596245/.m2/repository/org/seleniumhq/selenium/selenium-ie-driver/3.141.59/selenium-ie-driver-3.141.59.jar:/Users/RM3596245/.m2/repository/org/seleniumhq/selenium/selenium-opera-driver/3.141.59/selenium-opera-driver-3.141.59.jar:/Users/RM3596245/.m2/repository/org/seleniumhq/selenium/selenium-remote-driver/3.141.59/selenium-remote-driver-3.141.59.jar:/Users/RM3596245/.m2/repository/org/seleniumhq/selenium/selenium-safari-driver/3.141.59/selenium-safari-driver-3.141.59.jar:/Users/RM3596245/.m2/repository/org/seleniumhq/selenium/selenium-support/3.141.59/selenium-support-3.141.59.jar:/Users/RM3596245/.m2/repository/com/beust/jcommander/1.72/jcommander-1.72.jar:/Users/RM3596245/.m2/repository/net/bytebuddy/byte-buddy/1.8.15/byte-buddy-1.8.15.jar:/Users/RM3596245/.m2/repository/org/apache/commons/commons-exec/1.3/commons-exec-1.3.jar:/Users/RM3596245/.m2/repository/com/google/guava/guava/25.0-jre/guava-25.0-jre.jar:/Users/RM3596245/.m2/repository/com/google/code/findbugs/jsr305/1.3.9/jsr305-1.3.9.jar:/Users/RM3596245/.m2/repository/org/checkerframework/checker-compat-qual/2.0.0/checker-compat-qual-2.0.0.jar:/Users/RM3596245/.m2/repository/com/google/errorprone/error_prone_annotations/2.1.3/error_prone_annotations-2.1.3.jar:/Users/RM3596245/.m2/repository/com/google/j2objc/j2objc-annotations/1.1/j2objc-annotations-1.1.jar:/Users/RM3596245/.m2/repository/org/codehaus/mojo/animal-sniffer-annotations/1.14/animal-sniffer-annotations-1.14.jar:/Users/RM3596245/.m2/repository/net/jcip/jcip-annotations/1.0/jcip-annotations-1.0.jar:/Users/RM3596245/.m2/repository/org/seleniumhq/selenium/jetty-repacked/9.4.12.v20180830/jetty-repacked-9.4.12.v20180830.jar:/Users/RM3596245/.m2/repository/com/squareup/okhttp3/okhttp/3.11.0/okhttp-3.11.0.jar:/Users/RM3596245/.m2/repository/com/squareup/okio/okio/1.14.0/okio-1.14.0.jar:/Users/RM3596245/.m2/repository/javax/servlet/javax.servlet-api/3.1.0/javax.servlet-api-3.1.0.jar:/Users/RM3596245/.m2/repository/org/yaml/snakeyaml/1.19/snakeyaml-1.19.jar:/Users/RM3596245/.m2/repository/io/github/bonigarcia/webdrivermanager/3.4.0/webdrivermanager-3.4.0.jar:/Users/RM3596245/.m2/repository/org/slf4j/slf4j-api/1.7.25/slf4j-api-1.7.25.jar:/Users/RM3596245/.m2/repository/com/google/code/gson/gson/2.8.5/gson-2.8.5.jar:/Users/RM3596245/.m2/repository/org/apache/commons/commons-lang3/3.8.1/commons-lang3-3.8.1.jar:/Users/RM3596245/.m2/repository/org/apache/httpcomponents/httpclient/4.5.6/httpclient-4.5.6.jar:/Users/RM3596245/.m2/repository/org/apache/httpcomponents/httpcore/4.4.10/httpcore-4.4.10.jar:/Users/RM3596245/.m2/repository/commons-logging/commons-logging/1.2/commons-logging-1.2.jar:/Users/RM3596245/.m2/repository/commons-codec/commons-codec/1.10/commons-codec-1.10.jar:/Users/RM3596245/.m2/repository/org/rauschig/jarchivelib/1.0.0/jarchivelib-1.0.0.jar:/Users/RM3596245/.m2/repository/org/apache/commons/commons-compress/1.18/commons-compress-1.18.jar:/Users/RM3596245/.m2/repository/org/junit/jupiter/junit-jupiter-api/5.4.2/junit-jupiter-api-5.4.2.jar:/Users/RM3596245/.m2/repository/org/apiguardian/apiguardian-api/1.0.0/apiguardian-api-1.0.0.jar:/Users/RM3596245/.m2/repository/org/opentest4j/opentest4j/1.1.1/opentest4j-1.1.1.jar:/Users/RM3596245/.m2/repository/org/junit/platform/junit-platform-commons/1.4.2/junit-platform-commons-1.4.2.jar:/Users/RM3596245/.m2/repository/io/cucumber/cucumber-junit/4.3.1/cucumber-junit-4.3.1.jar:/Users/RM3596245/.m2/repository/io/cucumber/cucumber-core/4.3.1/cucumber-core-4.3.1.jar:/Users/RM3596245/.m2/repository/io/cucumber/cucumber-html/0.2.7/cucumber-html-0.2.7.jar:/Users/RM3596245/.m2/repository/io/cucumber/tag-expressions/1.1.1/tag-expressions-1.1.1.jar:/Users/RM3596245/.m2/repository/io/cucumber/cucumber-expressions/6.2.2/cucumber-expressions-6.2.2.jar:/Users/RM3596245/.m2/repository/io/cucumber/datatable/1.1.12/datatable-1.1.12.jar:/Users/RM3596245/.m2/repository/io/cucumber/datatable-dependencies/1.1.12/datatable-dependencies-1.1.12.jar:/Users/RM3596245/.m2/repository/junit/junit/4.12/junit-4.12.jar:/Users/RM3596245/.m2/repository/org/hamcrest/hamcrest-core/1.3/hamcrest-core-1.3.jar:/Users/RM3596245/.m2/repository/io/cucumber/cucumber-java8/4.3.1/cucumber-java8-4.3.1.jar:/Users/RM3596245/.m2/repository/io/cucumber/cucumber-java/4.3.1/cucumber-java-4.3.1.jar:/Users/RM3596245/.m2/repository/net/jodah/typetools/0.5.0/typetools-0.5.0.jar:/Users/RM3596245/.m2/repository/io/cucumber/gherkin/5.1.0/gherkin-5.1.0.jar:/Users/RM3596245/.m2/repository/io/cucumber/gherkin-jvm-deps/1.0.4/gherkin-jvm-deps-1.0.4.jar:/Users/RM3596245/.m2/repository/org/json/json/20180813/json-20180813.jar:/Users/RM3596245/.m2/repository/org/jsoup/jsoup/1.11.3/jsoup-1.11.3.jar:/Users/RM3596245/.m2/repository/net/lightbody/bmp/browsermob-core/2.1.5/browsermob-core-2.1.5.jar:/Users/RM3596245/.m2/repository/net/lightbody/bmp/littleproxy/1.1.0-beta-bmp-17/littleproxy-1.1.0-beta-bmp-17.jar:/Users/RM3596245/.m2/repository/com/fasterxml/jackson/core/jackson-core/2.8.9/jackson-core-2.8.9.jar:/Users/RM3596245/.m2/repository/com/fasterxml/jackson/core/jackson-databind/2.8.9/jackson-databind-2.8.9.jar:/Users/RM3596245/.m2/repository/com/fasterxml/jackson/core/jackson-annotations/2.8.9/jackson-annotations-2.8.9.jar:/Users/RM3596245/.m2/repository/dnsjava/dnsjava/2.1.8/dnsjava-2.1.8.jar:/Users/RM3596245/.m2/repository/org/slf4j/jcl-over-slf4j/1.7.25/jcl-over-slf4j-1.7.25.jar:/Users/RM3596245/.m2/repository/com/jcraft/jzlib/1.1.3/jzlib-1.1.3.jar:/Users/RM3596245/.m2/repository/io/netty/netty-all/4.0.51.Final/netty-all-4.0.51.Final.jar:/Users/RM3596245/.m2/repository/org/bouncycastle/bcprov-jdk15on/1.58/bcprov-jdk15on-1.58.jar:/Users/RM3596245/.m2/repository/org/bouncycastle/bcpkix-jdk15on/1.58/bcpkix-jdk15on-1.58.jar:/Users/RM3596245/.m2/repository/net/lightbody/bmp/mitm/2.1.5/mitm-2.1.5.jar:/Users/RM3596245/.m2/repository/com/aventstack/extentreports-cucumber4-adapter/1.0.1/extentreports-cucumber4-adapter-1.0.1.jar:/Users/RM3596245/.m2/repository/com/aventstack/extentreports/4.0.0/extentreports-4.0.0.jar:/Users/RM3596245/.m2/repository/org/freemarker/freemarker/2.3.23/freemarker-2.3.23.jar:/Users/RM3596245/.m2/repository/org/mongodb/bson/3.3.0/bson-3.3.0.jar:/Users/RM3596245/.m2/repository/org/apache/httpcomponents/httpmime/4.5.2/httpmime-4.5.2.jar:/Users/RM3596245/.m2/repository/org/mongodb/mongodb-driver/3.3.0/mongodb-driver-3.3.0.jar:/Users/RM3596245/.m2/repository/org/mongodb/mongodb-driver-core/3.3.0/mongodb-driver-core-3.3.0.jar:/Users/RM3596245/.m2/repository/org/assertj/assertj-core/3.12.2/assertj-core-3.12.2.jar:/Users/RM3596245/.m2/repository/commons-io/commons-io/2.6/commons-io-2.6.jar:"/>
    <property name="java.vm.vendor" value="&quot;Oracle Corporation&quot;"/>
    <property name="sun.arch.data.model" value="64"/>
    <property name="java.vendor.url" value="http://java.oracle.com/"/>
    <property name="user.timezone" value=""/>
    <property name="java.vm.specification.version" value="10"/>
    <property name="os.name" value="Mac OS X"/>
    <property name="sun.java.launcher" value="SUN_STANDARD"/>
    <property name="user.country" value="NL"/>
    <property name="sun.boot.library.path" value="/Library/Java/JavaVirtualMachines/jdk-10.0.1.jdk/Contents/Home/lib"/>
    <property name="sun.java.command" value="/Users/RM3596245/Downloads/restassured_testng-master/ComputerApplication/target/surefire/surefirebooter13138674127794815689.jar /Users/RM3596245/Downloads/restassured_testng-master/ComputerApplication/target/surefire 2020-08-09T22-23-59_736-jvmRun1 surefire12120290248209474780tmp surefire_02779646083501160166tmp"/>
    <property name="jdk.debug" value="release"/>
    <property name="surefire.test.class.path" value="/Users/RM3596245/Downloads/restassured_testng-master/ComputerApplication/target/test-classes:/Users/RM3596245/Downloads/restassured_testng-master/ComputerApplication/target/classes:/Users/RM3596245/.m2/repository/org/seleniumhq/selenium/selenium-server/3.141.59/selenium-server-3.141.59.jar:/Users/RM3596245/.m2/repository/org/seleniumhq/selenium/selenium-java/3.141.59/selenium-java-3.141.59.jar:/Users/RM3596245/.m2/repository/org/seleniumhq/selenium/selenium-api/3.141.59/selenium-api-3.141.59.jar:/Users/RM3596245/.m2/repository/org/seleniumhq/selenium/selenium-chrome-driver/3.141.59/selenium-chrome-driver-3.141.59.jar:/Users/RM3596245/.m2/repository/org/seleniumhq/selenium/selenium-edge-driver/3.141.59/selenium-edge-driver-3.141.59.jar:/Users/RM3596245/.m2/repository/org/seleniumhq/selenium/selenium-firefox-driver/3.141.59/selenium-firefox-driver-3.141.59.jar:/Users/RM3596245/.m2/repository/org/seleniumhq/selenium/selenium-ie-driver/3.141.59/selenium-ie-driver-3.141.59.jar:/Users/RM3596245/.m2/repository/org/seleniumhq/selenium/selenium-opera-driver/3.141.59/selenium-opera-driver-3.141.59.jar:/Users/RM3596245/.m2/repository/org/seleniumhq/selenium/selenium-remote-driver/3.141.59/selenium-remote-driver-3.141.59.jar:/Users/RM3596245/.m2/repository/org/seleniumhq/selenium/selenium-safari-driver/3.141.59/selenium-safari-driver-3.141.59.jar:/Users/RM3596245/.m2/repository/org/seleniumhq/selenium/selenium-support/3.141.59/selenium-support-3.141.59.jar:/Users/RM3596245/.m2/repository/com/beust/jcommander/1.72/jcommander-1.72.jar:/Users/RM3596245/.m2/repository/net/bytebuddy/byte-buddy/1.8.15/byte-buddy-1.8.15.jar:/Users/RM3596245/.m2/repository/org/apache/commons/commons-exec/1.3/commons-exec-1.3.jar:/Users/RM3596245/.m2/repository/com/google/guava/guava/25.0-jre/guava-25.0-jre.jar:/Users/RM3596245/.m2/repository/com/google/code/findbugs/jsr305/1.3.9/jsr305-1.3.9.jar:/Users/RM3596245/.m2/repository/org/checkerframework/checker-compat-qual/2.0.0/checker-compat-qual-2.0.0.jar:/Users/RM3596245/.m2/repository/com/google/errorprone/error_prone_annotations/2.1.3/error_prone_annotations-2.1.3.jar:/Users/RM3596245/.m2/repository/com/google/j2objc/j2objc-annotations/1.1/j2objc-annotations-1.1.jar:/Users/RM3596245/.m2/repository/org/codehaus/mojo/animal-sniffer-annotations/1.14/animal-sniffer-annotations-1.14.jar:/Users/RM3596245/.m2/repository/net/jcip/jcip-annotations/1.0/jcip-annotations-1.0.jar:/Users/RM3596245/.m2/repository/org/seleniumhq/selenium/jetty-repacked/9.4.12.v20180830/jetty-repacked-9.4.12.v20180830.jar:/Users/RM3596245/.m2/repository/com/squareup/okhttp3/okhttp/3.11.0/okhttp-3.11.0.jar:/Users/RM3596245/.m2/repository/com/squareup/okio/okio/1.14.0/okio-1.14.0.jar:/Users/RM3596245/.m2/repository/javax/servlet/javax.servlet-api/3.1.0/javax.servlet-api-3.1.0.jar:/Users/RM3596245/.m2/repository/org/yaml/snakeyaml/1.19/snakeyaml-1.19.jar:/Users/RM3596245/.m2/repository/io/github/bonigarcia/webdrivermanager/3.4.0/webdrivermanager-3.4.0.jar:/Users/RM3596245/.m2/repository/org/slf4j/slf4j-api/1.7.25/slf4j-api-1.7.25.jar:/Users/RM3596245/.m2/repository/com/google/code/gson/gson/2.8.5/gson-2.8.5.jar:/Users/RM3596245/.m2/repository/org/apache/commons/commons-lang3/3.8.1/commons-lang3-3.8.1.jar:/Users/RM3596245/.m2/repository/org/apache/httpcomponents/httpclient/4.5.6/httpclient-4.5.6.jar:/Users/RM3596245/.m2/repository/org/apache/httpcomponents/httpcore/4.4.10/httpcore-4.4.10.jar:/Users/RM3596245/.m2/repository/commons-logging/commons-logging/1.2/commons-logging-1.2.jar:/Users/RM3596245/.m2/repository/commons-codec/commons-codec/1.10/commons-codec-1.10.jar:/Users/RM3596245/.m2/repository/org/rauschig/jarchivelib/1.0.0/jarchivelib-1.0.0.jar:/Users/RM3596245/.m2/repository/org/apache/commons/commons-compress/1.18/commons-compress-1.18.jar:/Users/RM3596245/.m2/repository/org/junit/jupiter/junit-jupiter-api/5.4.2/junit-jupiter-api-5.4.2.jar:/Users/RM3596245/.m2/repository/org/apiguardian/apiguardian-api/1.0.0/apiguardian-api-1.0.0.jar:/Users/RM3596245/.m2/repository/org/opentest4j/opentest4j/1.1.1/opentest4j-1.1.1.jar:/Users/RM3596245/.m2/repository/org/junit/platform/junit-platform-commons/1.4.2/junit-platform-commons-1.4.2.jar:/Users/RM3596245/.m2/repository/io/cucumber/cucumber-junit/4.3.1/cucumber-junit-4.3.1.jar:/Users/RM3596245/.m2/repository/io/cucumber/cucumber-core/4.3.1/cucumber-core-4.3.1.jar:/Users/RM3596245/.m2/repository/io/cucumber/cucumber-html/0.2.7/cucumber-html-0.2.7.jar:/Users/RM3596245/.m2/repository/io/cucumber/tag-expressions/1.1.1/tag-expressions-1.1.1.jar:/Users/RM3596245/.m2/repository/io/cucumber/cucumber-expressions/6.2.2/cucumber-expressions-6.2.2.jar:/Users/RM3596245/.m2/repository/io/cucumber/datatable/1.1.12/datatable-1.1.12.jar:/Users/RM3596245/.m2/repository/io/cucumber/datatable-dependencies/1.1.12/datatable-dependencies-1.1.12.jar:/Users/RM3596245/.m2/repository/junit/junit/4.12/junit-4.12.jar:/Users/RM3596245/.m2/repository/org/hamcrest/hamcrest-core/1.3/hamcrest-core-1.3.jar:/Users/RM3596245/.m2/repository/io/cucumber/cucumber-java8/4.3.1/cucumber-java8-4.3.1.jar:/Users/RM3596245/.m2/repository/io/cucumber/cucumber-java/4.3.1/cucumber-java-4.3.1.jar:/Users/RM3596245/.m2/repository/net/jodah/typetools/0.5.0/typetools-0.5.0.jar:/Users/RM3596245/.m2/repository/io/cucumber/gherkin/5.1.0/gherkin-5.1.0.jar:/Users/RM3596245/.m2/repository/io/cucumber/gherkin-jvm-deps/1.0.4/gherkin-jvm-deps-1.0.4.jar:/Users/RM3596245/.m2/repository/org/json/json/20180813/json-20180813.jar:/Users/RM3596245/.m2/repository/org/jsoup/jsoup/1.11.3/jsoup-1.11.3.jar:/Users/RM3596245/.m2/repository/net/lightbody/bmp/browsermob-core/2.1.5/browsermob-core-2.1.5.jar:/Users/RM3596245/.m2/repository/net/lightbody/bmp/littleproxy/1.1.0-beta-bmp-17/littleproxy-1.1.0-beta-bmp-17.jar:/Users/RM3596245/.m2/repository/com/fasterxml/jackson/core/jackson-core/2.8.9/jackson-core-2.8.9.jar:/Users/RM3596245/.m2/repository/com/fasterxml/jackson/core/jackson-databind/2.8.9/jackson-databind-2.8.9.jar:/Users/RM3596245/.m2/repository/com/fasterxml/jackson/core/jackson-annotations/2.8.9/jackson-annotations-2.8.9.jar:/Users/RM3596245/.m2/repository/dnsjava/dnsjava/2.1.8/dnsjava-2.1.8.jar:/Users/RM3596245/.m2/repository/org/slf4j/jcl-over-slf4j/1.7.25/jcl-over-slf4j-1.7.25.jar:/Users/RM3596245/.m2/repository/com/jcraft/jzlib/1.1.3/jzlib-1.1.3.jar:/Users/RM3596245/.m2/repository/io/netty/netty-all/4.0.51.Final/netty-all-4.0.51.Final.jar:/Users/RM3596245/.m2/repository/org/bouncycastle/bcprov-jdk15on/1.58/bcprov-jdk15on-1.58.jar:/Users/RM3596245/.m2/repository/org/bouncycastle/bcpkix-jdk15on/1.58/bcpkix-jdk15on-1.58.jar:/Users/RM3596245/.m2/repository/net/lightbody/bmp/mitm/2.1.5/mitm-2.1.5.jar:/Users/RM3596245/.m2/repository/com/aventstack/extentreports-cucumber4-adapter/1.0.1/extentreports-cucumber4-adapter-1.0.1.jar:/Users/RM3596245/.m2/repository/com/aventstack/extentreports/4.0.0/extentreports-4.0.0.jar:/Users/RM3596245/.m2/repository/org/freemarker/freemarker/2.3.23/freemarker-2.3.23.jar:/Users/RM3596245/.m2/repository/org/mongodb/bson/3.3.0/bson-3.3.0.jar:/Users/RM3596245/.m2/repository/org/apache/httpcomponents/httpmime/4.5.2/httpmime-4.5.2.jar:/Users/RM3596245/.m2/repository/org/mongodb/mongodb-driver/3.3.0/mongodb-driver-3.3.0.jar:/Users/RM3596245/.m2/repository/org/mongodb/mongodb-driver-core/3.3.0/mongodb-driver-core-3.3.0.jar:/Users/RM3596245/.m2/repository/org/assertj/assertj-core/3.12.2/assertj-core-3.12.2.jar:/Users/RM3596245/.m2/repository/commons-io/commons-io/2.6/commons-io-2.6.jar:"/>
    <property name="sun.cpu.endian" value="little"/>
    <property name="user.home" value="/Users/RM3596245"/>
    <property name="user.language" value="en"/>
    <property name="java.specification.vendor" value="Oracle Corporation"/>
    <property name="java.version.date" value="2018-04-17"/>
    <property name="java.home" value="/Library/Java/JavaVirtualMachines/jdk-10.0.1.jdk/Contents/Home"/>
    <property name="file.separator" value="/"/>
    <property name="basedir" value="/Users/RM3596245/Downloads/restassured_testng-master/ComputerApplication"/>
    <property name="java.vm.compressedOopsMode" value="Zero based"/>
    <property name="line.separator" value="&#10;"/>
    <property name="java.specification.name" value="Java Platform API Specification"/>
    <property name="java.vm.specification.vendor" value="Oracle Corporation"/>
    <property name="java.awt.graphicsenv" value="sun.awt.CGraphicsEnvironment"/>
    <property name="surefire.real.class.path" value="/Users/RM3596245/Downloads/restassured_testng-master/ComputerApplication/target/surefire/surefirebooter13138674127794815689.jar"/>
    <property name="sun.management.compiler" value="HotSpot 64-Bit Tiered Compilers"/>
    <property name="java.runtime.version" value="10.0.1+10"/>
    <property name="user.name" value="RM3596245"/>
    <property name="path.separator" value=":"/>
    <property name="os.version" value="10.13.6"/>
    <property name="java.runtime.name" value="Java(TM) SE Runtime Environment"/>
    <property name="file.encoding" value="UTF-8"/>
    <property name="java.vm.name" value="Java HotSpot(TM) 64-Bit Server VM"/>
    <property name="java.vendor.version" value="18.3"/>
    <property name="localRepository" value="/Users/RM3596245/.m2/repository"/>
    <property name="java.vendor.url.bug" value="http://bugreport.java.com/bugreport/"/>
    <property name="java.io.tmpdir" value="/var/folders/80/5rjwzfy90k76y8_qxnq4444c0000gs/T/"/>
    <property name="java.version" value="10.0.1"/>
    <property name="user.dir" value="/Users/RM3596245/Downloads/restassured_testng-master/ComputerApplication"/>
    <property name="os.arch" value="x86_64"/>
    <property name="java.vm.specification.name" value="Java Virtual Machine Specification"/>
    <property name="java.awt.printerjob" value="sun.lwawt.macosx.CPrinterJob"/>
    <property name="sun.os.patch.level" value="unknown"/>
    <property name="java.library.path" value="/Users/RM3596245/Library/Java/Extensions:/Library/Java/Extensions:/Network/Library/Java/Extensions:/System/Library/Java/Extensions:/usr/lib/java:."/>
    <property name="java.vendor" value="Oracle Corporation"/>
    <property name="java.vm.info" value="mixed mode"/>
    <property name="java.vm.version" value="10.0.1+10"/>
    <property name="sun.io.unicode.encoding" value="UnicodeBig"/>
    <property name="java.class.version" value="54.0"/>
  </properties>
  <testcase name="Create one Computer" classname="Create a computer" time="2.403"/>
  <testcase name="To verify cancel functionality" classname="Create a computer" time="1.287"/>
  <testcase name="To verify field errors while creating computer" classname="Create a computer" time="1.226"/>
  <testcase name="Delete one Computer" classname="Delete a computer" time="3.017"/>
  <testcase name="Update one Computer and verify its updated or not" classname="Update a computer" time="3.092"/>
  <testcase name="View and Search one Computer from database" classname="View and Search one computer" time="1.73"/>
  <testcase name="View and Search Computer which is not in database" classname="View and Search one computer" time="0.51"/>
</testsuite>